17:51:22: Creating resource group General
17:51:22: Creating resource group Internal
17:51:22: Creating resource group Autodetect
17:51:22: Registering ResourceManager for type Mesh
17:51:22: Registering ResourceManager for type Material
17:51:22: Registering ResourceManager for type Skeleton
17:51:22: XMLMeshSerializer reading mesh data from C:\Users\skinn\Desktop\Pruebas\Cube.mesh.xml...
17:51:22: Reading geometry...
17:51:22: Geometry done...
17:51:22: Reading submeshes...
17:51:22: Submeshes done.
17:51:22: Reading mesh names...
17:51:22: Mesh names done.
17:51:22: XMLMeshSerializer import successful.
17:51:22: Reorganising vertex buffers to automatic layout..
17:51:22: MeshSerializer writing mesh data to C:\Users\skinn\Desktop\Pruebas\Cube.mesh...
17:51:22: File header written.
17:51:22: Writing mesh data...
17:51:22: Writing submesh...
17:51:22: Exporting submesh texture aliases...
17:51:22: Submesh texture aliases exported.
17:51:22: Submesh exported.
17:51:22: Exporting bounds information....
17:51:22: Bounds information exported.
17:51:22: Exporting submesh name table...
17:51:22: Submesh name table exported.
17:51:22: Exporting edge lists...
17:51:22: Edge lists exported
17:51:22: Mesh data exported.
17:51:22: MeshSerializer export successful.
17:51:22: Unregistering ResourceManager for type Skeleton
17:51:22: Unregistering ResourceManager for type Material
17:51:22: Unregistering ResourceManager for type Mesh
